# JRE version: OpenJDK Runtime Environment (8.0_242-b06) (build 1.8.0_242-b06)
# Java VM: OpenJDK 64-Bit Server VM GraalVM CE 20.0.0 (25.242-b06-jvmci-20.0-b02 mixed mode linux-amd64 compressed oops)
Heap:
 PSYoungGen      total 189440K, used 18610K [0x000000076d200000, 0x0000000779b80000, 0x00000007c0000000)
  eden space 179200K, 4% used [0x000000076d200000,0x000000076da2cba0,0x0000000778100000)
  from space 10240K, 100% used [0x0000000779180000,0x0000000779b80000,0x0000000779b80000)
  to   space 10240K, 0% used [0x0000000778780000,0x0000000778780000,0x0000000779180000)
 ParOldGen       total 332800K, used 88727K [0x00000006c7600000, 0x00000006dbb00000, 0x000000076d200000)
  object space 332800K, 26% used [0x00000006c7600000,0x00000006ccca5f28,0x00000006dbb00000)
 Metaspace       used 4061K, capacity 4686K, committed 4864K, reserved 1056768K
  class space    used 454K, capacity 500K, committed 512K, reserved 1048576K
GC Heap History (10 events):
Event: 7,285 GC heap before
{Heap before GC invocations=2 (full 0):
 PSYoungGen      total 74752K, used 74720K [0x000000076d200000, 0x0000000776400000, 0x00000007c0000000)
  eden space 64512K, 100% used [0x000000076d200000,0x0000000771100000,0x0000000771100000)
  from space 10240K, 99% used [0x0000000771100000,0x0000000771af8020,0x0000000771b00000)
  to   space 10240K, 0% used [0x0000000775a00000,0x0000000775a00000,0x0000000776400000)
 ParOldGen       total 171008K, used 54396K [0x00000006c7600000, 0x00000006d1d00000, 0x000000076d200000)
  object space 171008K, 31% used [0x00000006c7600000,0x00000006cab1f020,0x00000006d1d00000)
 Metaspace       used 2847K, capacity 4490K, committed 4864K, reserved 1056768K
  class space    used 296K, capacity 386K, committed 512K, reserved 1048576K
Event: 8,788 GC heap after
Heap after GC invocations=2 (full 0):
 PSYoungGen      total 139264K, used 10240K [0x000000076d200000, 0x0000000776400000, 0x00000007c0000000)
  eden space 129024K, 0% used [0x000000076d200000,0x000000076d200000,0x0000000775000000)
  from space 10240K, 100% used [0x0000000775a00000,0x0000000776400000,0x0000000776400000)
  to   space 10240K, 0% used [0x0000000775000000,0x0000000775000000,0x0000000775a00000)
 ParOldGen       total 171008K, used 117868K [0x00000006c7600000, 0x00000006d1d00000, 0x000000076d200000)
  object space 171008K, 68% used [0x00000006c7600000,0x00000006ce91b020,0x00000006d1d00000)
 Metaspace       used 2847K, capacity 4490K, committed 4864K, reserved 1056768K
  class space    used 296K, capacity 386K, committed 512K, reserved 1048576K
}
Event: 8,789 GC heap before
{Heap before GC invocations=3 (full 1):
 PSYoungGen      total 139264K, used 10240K [0x000000076d200000, 0x0000000776400000, 0x00000007c0000000)
  eden space 129024K, 0% used [0x000000076d200000,0x000000076d200000,0x0000000775000000)
  from space 10240K, 100% used [0x0000000775a00000,0x0000000776400000,0x0000000776400000)
  to   space 10240K, 0% used [0x0000000775000000,0x0000000775000000,0x0000000775a00000)
 ParOldGen       total 171008K, used 117868K [0x00000006c7600000, 0x00000006d1d00000, 0x000000076d200000)
  object space 171008K, 68% used [0x00000006c7600000,0x00000006ce91b020,0x00000006d1d00000)
 Metaspace       used 2847K, capacity 4490K, committed 4864K, reserved 1056768K
  class space    used 296K, capacity 386K, committed 512K, reserved 1048576K
Event: 19,110 GC heap after
Heap after GC invocations=3 (full 1):
 PSYoungGen      total 139264K, used 0K [0x000000076d200000, 0x0000000776400000, 0x00000007c0000000)
  eden space 129024K, 0% used [0x000000076d200000,0x000000076d200000,0x0000000775000000)
  from space 10240K, 0% used [0x0000000775a00000,0x0000000775a00000,0x0000000776400000)
  to   space 10240K, 0% used [0x0000000775000000,0x0000000775000000,0x0000000775a00000)
 ParOldGen       total 293376K, used 127607K [0x00000006c7600000, 0x00000006d9480000, 0x000000076d200000)
  object space 293376K, 43% used [0x00000006c7600000,0x00000006cf29dc08,0x00000006d9480000)
 Metaspace       used 2847K, capacity 4490K, committed 4864K, reserved 1056768K
  class space    used 296K, capacity 386K, committed 512K, reserved 1048576K
}
Event: 19,997 GC heap before
{Heap before GC invocations=4 (full 1):
 PSYoungGen      total 139264K, used 129024K [0x000000076d200000, 0x0000000776400000, 0x00000007c0000000)
  eden space 129024K, 100% used [0x000000076d200000,0x0000000775000000,0x0000000775000000)
  from space 10240K, 0% used [0x0000000775a00000,0x0000000775a00000,0x0000000776400000)
  to   space 10240K, 0% used [0x0000000775000000,0x0000000775000000,0x0000000775a00000)
 ParOldGen       total 293376K, used 127607K [0x00000006c7600000, 0x00000006d9480000, 0x000000076d200000)
  object space 293376K, 43% used [0x00000006c7600000,0x00000006cf29dc08,0x00000006d9480000)
 Metaspace       used 3007K, capacity 4494K, committed 4864K, reserved 1056768K
  class space    used 319K, capacity 386K, committed 512K, reserved 1048576K
Event: 22,582 GC heap after
Heap after GC invocations=4 (full 1):
 PSYoungGen      total 139264K, used 10240K [0x000000076d200000, 0x0000000779b80000, 0x00000007c0000000)
  eden space 129024K, 0% used [0x000000076d200000,0x000000076d200000,0x0000000775000000)
  from space 10240K, 100% used [0x0000000775000000,0x0000000775a00000,0x0000000775a00000)
  to   space 10240K, 0% used [0x0000000779180000,0x0000000779180000,0x0000000779b80000)
 ParOldGen       total 293376K, used 242991K [0x00000006c7600000, 0x00000006d9480000, 0x000000076d200000)
  object space 293376K, 82% used [0x00000006c7600000,0x00000006d634bc08,0x00000006d9480000)
 Metaspace       used 3007K, capacity 4494K, committed 4864K, reserved 1056768K
  class space    used 319K, capacity 386K, committed 512K, reserved 1048576K
}
Event: 22,582 GC heap before
{Heap before GC invocations=5 (full 2):
 PSYoungGen      total 139264K, used 10240K [0x000000076d200000, 0x0000000779b80000, 0x00000007c0000000)
  eden space 129024K, 0% used [0x000000076d200000,0x000000076d200000,0x0000000775000000)
  from space 10240K, 100% used [0x0000000775000000,0x0000000775a00000,0x0000000775a00000)
  to   space 10240K, 0% used [0x0000000779180000,0x0000000779180000,0x0000000779b80000)
 ParOldGen       total 293376K, used 242991K [0x00000006c7600000, 0x00000006d9480000, 0x000000076d200000)
  object space 293376K, 82% used [0x00000006c7600000,0x00000006d634bc08,0x00000006d9480000)
 Metaspace       used 3007K, capacity 4494K, committed 4864K, reserved 1056768K
  class space    used 319K, capacity 386K, committed 512K, reserved 1048576K
Event: 27,036 GC heap after
Heap after GC invocations=5 (full 2):
 PSYoungGen      total 139264K, used 0K [0x000000076d200000, 0x0000000779b80000, 0x00000007c0000000)
  eden space 129024K, 0% used [0x000000076d200000,0x000000076d200000,0x0000000775000000)
  from space 10240K, 0% used [0x0000000775000000,0x0000000775000000,0x0000000775a00000)
  to   space 10240K, 0% used [0x0000000779180000,0x0000000779180000,0x0000000779b80000)
 ParOldGen       total 332800K, used 56159K [0x00000006c7600000, 0x00000006dbb00000, 0x000000076d200000)
  object space 332800K, 16% used [0x00000006c7600000,0x00000006cacd7f28,0x00000006dbb00000)
 Metaspace       used 3007K, capacity 4494K, committed 4864K, reserved 1056768K
  class space    used 319K, capacity 386K, committed 512K, reserved 1048576K
}
Event: 29,038 GC heap before
{Heap before GC invocations=6 (full 2):
 PSYoungGen      total 139264K, used 129024K [0x000000076d200000, 0x0000000779b80000, 0x00000007c0000000)
  eden space 129024K, 100% used [0x000000076d200000,0x0000000775000000,0x0000000775000000)
  from space 10240K, 0% used [0x0000000775000000,0x0000000775000000,0x0000000775a00000)
  to   space 10240K, 0% used [0x0000000779180000,0x0000000779180000,0x0000000779b80000)
 ParOldGen       total 332800K, used 56159K [0x00000006c7600000, 0x00000006dbb00000, 0x000000076d200000)
  object space 332800K, 16% used [0x00000006c7600000,0x00000006cacd7f28,0x00000006dbb00000)
 Metaspace       used 4061K, capacity 4686K, committed 4864K, reserved 1056768K
  class space    used 454K, capacity 500K, committed 512K, reserved 1048576K
Event: 29,900 GC heap after
Heap after GC invocations=6 (full 2):
 PSYoungGen      total 189440K, used 10240K [0x000000076d200000, 0x0000000779b80000, 0x00000007c0000000)
  eden space 179200K, 0% used [0x000000076d200000,0x000000076d200000,0x0000000778100000)
  from space 10240K, 100% used [0x0000000779180000,0x0000000779b80000,0x0000000779b80000)
  to   space 10240K, 0% used [0x0000000778780000,0x0000000778780000,0x0000000779180000)
 ParOldGen       total 332800K, used 88727K [0x00000006c7600000, 0x00000006dbb00000, 0x000000076d200000)
  object space 332800K, 26% used [0x00000006c7600000,0x00000006ccca5f28,0x00000006dbb00000)
 Metaspace       used 4061K, capacity 4686K, committed 4864K, reserved 1056768K
  class space    used 454K, capacity 500K, committed 512K, reserved 1048576K
}

